Using pre-set license
Built from '2020.3/staging' branch; Version is '2020.3.22f1 (e1a7f79fd887) revision 14788599'; Using compiler version '192528614'; Build Type 'Release'
OS: 'Windows 10 Home; OS build 22000.318; Version 2009; 64bit' Language: 'en' Physical Memory: 16228 MB
BatchMode: 1, IsHumanControllingUs: 0, StartBugReporterOnCrash: 0, Is64bit: 1, IsPro: 0

COMMAND LINE ARGUMENTS:
D:\Unity\2020.3.22f1\Editor\Unity.exe
-adb2
-batchMode
-noUpm
-name
AssetImportWorker0
-projectPath
C:/Users/Eli-PC/MazePrefabs
-logFile
Logs/AssetImportWorker0.log
-srvPort
58177
Successfully changed project path to: C:/Users/Eli-PC/MazePrefabs
C:/Users/Eli-PC/MazePrefabs
Using Asset Import Pipeline V2.
Refreshing native plugins compatible for Editor in 40.73 ms, found 3 plugins.
Preloading 0 native plugins for Editor in 0.00 ms.
Initialize engine version: 2020.3.22f1 (e1a7f79fd887)
[Subsystems] Discovering subsystems at path D:/Unity/2020.3.22f1/Editor/Data/Resources/UnitySubsystems
[Subsystems] Discovering subsystems at path C:/Users/Eli-PC/MazePrefabs/Assets
GfxDevice: creating device client; threaded=0
Direct3D:
    Version:  Direct3D 11.0 [level 11.1]
    Renderer: NVIDIA GeForce RTX 2060 (ID=0x1f11)
    Vendor:   
    VRAM:     5980 MB
    Driver:   30.0.14.9676
Initialize mono
Mono path[0] = 'D:/Unity/2020.3.22f1/Editor/Data/Managed'
Mono path[1] = 'D:/Unity/2020.3.22f1/Editor/Data/MonoBleedingEdge/lib/mono/unityjit'
Mono config path = 'D:/Unity/2020.3.22f1/Editor/Data/MonoBleedingEdge/etc'
Using monoOptions --debugger-agent=transport=dt_socket,embedding=1,server=y,suspend=n,address=127.0.0.1:56436
Begin MonoManager ReloadAssembly
Registering precompiled unity dll's ...
Register platform support module: D:/Unity/2020.3.22f1/Editor/Data/PlaybackEngines/WindowsStandaloneSupport/UnityEditor.WindowsStandalone.Extensions.dll
Registered in 0.000616 seconds.
Native extension for WindowsStandalone target not found
Refreshing native plugins compatible for Editor in 40.15 ms, found 3 plugins.
Preloading 0 native plugins for Editor in 0.00 ms.
Mono: successfully reloaded assembly
- Completed reload, in  1.244 seconds
Domain Reload Profiling:
	ReloadAssembly (1244ms)
		BeginReloadAssembly (49ms)
			ExecutionOrderSort (0ms)
			DisableScriptedObjects (0ms)
			BackupInstance (0ms)
			ReleaseScriptingObjects (0ms)
			CreateAndSetChildDomain (1ms)
		EndReloadAssembly (438ms)
			LoadAssemblies (48ms)
			RebuildTransferFunctionScriptingTraits (0ms)
			SetupTypeCache (146ms)
			ReleaseScriptCaches (0ms)
			RebuildScriptCaches (31ms)
			SetupLoadedEditorAssemblies (166ms)
				LogAssemblyErrors (0ms)
				InitializePlatformSupportModulesInManaged (3ms)
				SetLoadedEditorAssemblies (0ms)
				RefreshPlugins (40ms)
				BeforeProcessingInitializeOnLoad (15ms)
				ProcessInitializeOnLoadAttributes (80ms)
				ProcessInitializeOnLoadMethodAttributes (28ms)
				AfterProcessingInitializeOnLoad (0ms)
				EditorAssembliesLoaded (0ms)
			ExecutionOrderSort2 (0ms)
			AwakeInstancesAfterBackupRestoration (0ms)
Platform modules already initialized, skipping
Registering precompiled user dll's ...
Registered in 0.003967 seconds.
Begin MonoManager ReloadAssembly
Native extension for WindowsStandalone target not found
Refreshing native plugins compatible for Editor in 39.94 ms, found 3 plugins.
Preloading 0 native plugins for Editor in 0.00 ms.
Mono: successfully reloaded assembly
- Completed reload, in  1.067 seconds
Domain Reload Profiling:
	ReloadAssembly (1068ms)
		BeginReloadAssembly (137ms)
			ExecutionOrderSort (0ms)
			DisableScriptedObjects (4ms)
			BackupInstance (0ms)
			ReleaseScriptingObjects (0ms)
			CreateAndSetChildDomain (18ms)
		EndReloadAssembly (879ms)
			LoadAssemblies (87ms)
			RebuildTransferFunctionScriptingTraits (0ms)
			SetupTypeCache (294ms)
			ReleaseScriptCaches (0ms)
			RebuildScriptCaches (47ms)
			SetupLoadedEditorAssemblies (330ms)
				LogAssemblyErrors (0ms)
				InitializePlatformSupportModulesInManaged (3ms)
				SetLoadedEditorAssemblies (0ms)
				RefreshPlugins (40ms)
				BeforeProcessingInitializeOnLoad (72ms)
				ProcessInitializeOnLoadAttributes (198ms)
				ProcessInitializeOnLoadMethodAttributes (15ms)
				AfterProcessingInitializeOnLoad (1ms)
				EditorAssembliesLoaded (0ms)
			ExecutionOrderSort2 (0ms)
			AwakeInstancesAfterBackupRestoration (7ms)
Platform modules already initialized, skipping
========================================================================
Worker process is ready to serve import requests
Launched and connected shader compiler UnityShaderCompiler.exe after 0.07 seconds
Refreshing native plugins compatible for Editor in 0.78 ms, found 3 plugins.
Preloading 0 native plugins for Editor in 0.00 ms.
Unloading 2183 Unused Serialized files (Serialized files now loaded: 0)
System memory in use before: 95.4 MB.
System memory in use after: 95.5 MB.

Unloading 28 unused Assets to reduce memory usage. Loaded Objects now: 2616.
Total: 3.982100 ms (FindLiveObjects: 0.220400 ms CreateObjectMapping: 0.074100 ms MarkObjects: 3.566400 ms  DeleteObjects: 0.119900 ms)

AssetImportParameters requested are different than current active one (requested -> active):
  custom:framework-win-MediaFoundation: 216162199b28c13a410421893ffa2e32 -> 
  custom:video-decoder-ogg-theora: a1e56fd34408186e4bbccfd4996cb3dc -> 
  custom:container-muxer-webm: aa71ff27fc2769a1b78a27578f13a17b -> 
  custom:container-demuxer-webm: 4f35f7cbe854078d1ac9338744f61a02 -> 
  custom:container-demuxer-ogg: 62fdf1f143b41e24485cea50d1cbac27 -> 
  custom:video-encoder-webm-vp8: eb34c28f22e8b96e1ab97ce403110664 -> 
  custom:video-decoder-webm-vp8: 9c59270c3fd7afecdb556c50c9e8de78 -> 
  custom:audio-decoder-ogg-vorbis: bf7c407c2cedff20999df2af8eb42d56 -> 
  custom:audio-encoder-webm-vorbis: bf7c407c2cedff20999df2af8eb42d56 -> 
========================================================================
Received Import Request.
  path: Assets/Materials/New Material 3.mat
  artifactKey: Guid(839a6b1bb3b69e04a9d4f9a17363618a) Importer(815301076,1909f56bfc062723c751e8b465ee728b)
Start importing Assets/Materials/New Material 3.mat using Guid(839a6b1bb3b69e04a9d4f9a17363618a) Importer(815301076,1909f56bfc062723c751e8b465ee728b)  -> (artifact id: '88f74617dfb5d3e627a99d93876bb982') in 0.113707 seconds 
  Import took 0.116834 seconds .

========================================================================
Received Import Request.
  Time since last request: 0.000197 seconds.
  path: Assets/Materials/New Material 4.mat
  artifactKey: Guid(3dd0ec13262abc94db59d4da1c420c5d) Importer(815301076,1909f56bfc062723c751e8b465ee728b)
Start importing Assets/Materials/New Material 4.mat using Guid(3dd0ec13262abc94db59d4da1c420c5d) Importer(815301076,1909f56bfc062723c751e8b465ee728b)  -> (artifact id: '141acd329b7a29c71ace389dd5876b03') in 0.015575 seconds 
  Import took 0.018666 seconds .

========================================================================
Received Import Request.
  Time since last request: 0.000133 seconds.
  path: Assets/Materials/New Material 2.mat
  artifactKey: Guid(cab1e8dd18b501d47a834286743633b8) Importer(815301076,1909f56bfc062723c751e8b465ee728b)
Start importing Assets/Materials/New Material 2.mat using Guid(cab1e8dd18b501d47a834286743633b8) Importer(815301076,1909f56bfc062723c751e8b465ee728b)  -> (artifact id: 'efd714e1ba88528c54e60c07fead48ff') in 0.016063 seconds 
  Import took 0.019607 seconds .

========================================================================
Received Import Request.
  Time since last request: 0.000222 seconds.
  path: Assets/Materials/New Material 1.mat
  artifactKey: Guid(9064ee90332893445a96f92147bf9dc6) Importer(815301076,1909f56bfc062723c751e8b465ee728b)
Start importing Assets/Materials/New Material 1.mat using Guid(9064ee90332893445a96f92147bf9dc6) Importer(815301076,1909f56bfc062723c751e8b465ee728b)  -> (artifact id: '68ff02c557fa824e1a2a2df7fcbf4778') in 0.016645 seconds 
  Import took 0.020124 seconds .

========================================================================
Received Import Request.
  Time since last request: 0.000230 seconds.
  path: Assets/Materials
  artifactKey: Guid(d2d70b47142aa1447839fcacae817a7a) Importer(815301076,1909f56bfc062723c751e8b465ee728b)
Start importing Assets/Materials using Guid(d2d70b47142aa1447839fcacae817a7a) Importer(815301076,1909f56bfc062723c751e8b465ee728b)  -> (artifact id: '098fcc7dcba6221b7d16276c25d711b0') in 0.007957 seconds 
  Import took 0.012131 seconds .

========================================================================
Received Import Request.
  Time since last request: 28.809491 seconds.
  path: Assets/Images
  artifactKey: Guid(34d5dfea70a1e5f4b9b1fcb523a7749d) Importer(815301076,1909f56bfc062723c751e8b465ee728b)
Start importing Assets/Images using Guid(34d5dfea70a1e5f4b9b1fcb523a7749d) Importer(815301076,1909f56bfc062723c751e8b465ee728b)  -> (artifact id: '9da84d04d35b3616198a74f8a512ea33') in 0.011902 seconds 
  Import took 0.015242 seconds .

========================================================================
Received Import Request.
  Time since last request: 10315.357810 seconds.
  path: Assets/Scripts
  artifactKey: Guid(808dbcaefb60eaa44959a688bd205c7e) Importer(815301076,1909f56bfc062723c751e8b465ee728b)
Start importing Assets/Scripts using Guid(808dbcaefb60eaa44959a688bd205c7e) Importer(815301076,1909f56bfc062723c751e8b465ee728b)  -> (artifact id: '94290d9330d21ce28db54e6d2f10b3ce') in 0.009944 seconds 
  Import took 0.064887 seconds .

========================================================================
Received Prepare
Registering precompiled user dll's ...
Registered in 0.003523 seconds.
Begin MonoManager ReloadAssembly
Native extension for WindowsStandalone target not found
Refreshing native plugins compatible for Editor in 0.43 ms, found 3 plugins.
Preloading 0 native plugins for Editor in 0.00 ms.
Mono: successfully reloaded assembly
- Completed reload, in  0.963 seconds
Domain Reload Profiling:
	ReloadAssembly (965ms)
		BeginReloadAssembly (157ms)
			ExecutionOrderSort (0ms)
			DisableScriptedObjects (13ms)
			BackupInstance (0ms)
			ReleaseScriptingObjects (0ms)
			CreateAndSetChildDomain (71ms)
		EndReloadAssembly (755ms)
			LoadAssemblies (87ms)
			RebuildTransferFunctionScriptingTraits (0ms)
			SetupTypeCache (278ms)
			ReleaseScriptCaches (1ms)
			RebuildScriptCaches (39ms)
			SetupLoadedEditorAssemblies (264ms)
				LogAssemblyErrors (0ms)
				InitializePlatformSupportModulesInManaged (4ms)
				SetLoadedEditorAssemblies (0ms)
				RefreshPlugins (0ms)
				BeforeProcessingInitializeOnLoad (66ms)
				ProcessInitializeOnLoadAttributes (181ms)
				ProcessInitializeOnLoadMethodAttributes (10ms)
				AfterProcessingInitializeOnLoad (1ms)
				EditorAssembliesLoaded (0ms)
			ExecutionOrderSort2 (0ms)
			AwakeInstancesAfterBackupRestoration (8ms)
Platform modules already initialized, skipping
Refreshing native plugins compatible for Editor in 0.42 ms, found 3 plugins.
Preloading 0 native plugins for Editor in 0.00 ms.
Unloading 2172 Unused Serialized files (Serialized files now loaded: 0)
System memory in use before: 98.0 MB.
System memory in use after: 98.1 MB.

Unloading 17 unused Assets to reduce memory usage. Loaded Objects now: 2658.
Total: 3.334600 ms (FindLiveObjects: 0.196200 ms CreateObjectMapping: 0.069600 ms MarkObjects: 3.050000 ms  DeleteObjects: 0.018000 ms)

AssetImportParameters requested are different than current active one (requested -> active):
  custom:framework-win-MediaFoundation: 216162199b28c13a410421893ffa2e32 -> 
  custom:video-decoder-ogg-theora: a1e56fd34408186e4bbccfd4996cb3dc -> 
  custom:container-muxer-webm: aa71ff27fc2769a1b78a27578f13a17b -> 
  custom:container-demuxer-webm: 4f35f7cbe854078d1ac9338744f61a02 -> 
  custom:container-demuxer-ogg: 62fdf1f143b41e24485cea50d1cbac27 -> 
  custom:video-encoder-webm-vp8: eb34c28f22e8b96e1ab97ce403110664 -> 
  custom:video-decoder-webm-vp8: 9c59270c3fd7afecdb556c50c9e8de78 -> 
  custom:audio-decoder-ogg-vorbis: bf7c407c2cedff20999df2af8eb42d56 -> 
  custom:audio-encoder-webm-vorbis: bf7c407c2cedff20999df2af8eb42d56 -> 
========================================================================
Received Import Request.
  Time since last request: 352.705033 seconds.
  path: Assets
  artifactKey: Guid(00000000000000001000000000000000) Importer(815301076,1909f56bfc062723c751e8b465ee728b)
Start importing Assets using Guid(00000000000000001000000000000000) Importer(815301076,1909f56bfc062723c751e8b465ee728b)  -> (artifact id: '42d402b061de3733987d63b9cc3b64de') in 0.011810 seconds 
  Import took 0.015439 seconds .

========================================================================
Received Import Request.
  Time since last request: 6.635219 seconds.
  path: Assets/Animation
  artifactKey: Guid(63f31ca747cb61d4c80d4d10c3e16014) Importer(815301076,1909f56bfc062723c751e8b465ee728b)
Start importing Assets/Animation using Guid(63f31ca747cb61d4c80d4d10c3e16014) Importer(815301076,1909f56bfc062723c751e8b465ee728b)  -> (artifact id: 'd05b43041eca0dac7403654d4a836db1') in 0.007427 seconds 
  Import took 0.012773 seconds .

========================================================================
Received Import Request.
  Time since last request: 12.236557 seconds.
  path: Assets/Animation/Move Up and Down.anim
  artifactKey: Guid(731a08868425f1f4d9ac8362f8c6a528) Importer(815301076,1909f56bfc062723c751e8b465ee728b)
Start importing Assets/Animation/Move Up and Down.anim using Guid(731a08868425f1f4d9ac8362f8c6a528) Importer(815301076,1909f56bfc062723c751e8b465ee728b)  -> (artifact id: '0a5002e605d32eae9498a43426c38884') in 0.024757 seconds 
  Import took 0.028036 seconds .

========================================================================
Received Import Request.
  Time since last request: 14.644481 seconds.
  path: Assets/Animation/Enemy 1.controller
  artifactKey: Guid(b5ce237cdbe21604cb9b3f67732bc64f) Importer(815301076,1909f56bfc062723c751e8b465ee728b)
Start importing Assets/Animation/Enemy 1.controller using Guid(b5ce237cdbe21604cb9b3f67732bc64f) Importer(815301076,1909f56bfc062723c751e8b465ee728b)  -> (artifact id: 'ae31bf4fba63c93bffaff508614c50da') in 0.008802 seconds 
  Import took 0.013690 seconds .

========================================================================
Received Import Request.
  Time since last request: 276.860873 seconds.
  path: Assets/Animation/Enemy 1.controller
  artifactKey: Guid(b5ce237cdbe21604cb9b3f67732bc64f) Importer(815301076,1909f56bfc062723c751e8b465ee728b)
Start importing Assets/Animation/Enemy 1.controller using Guid(b5ce237cdbe21604cb9b3f67732bc64f) Importer(815301076,1909f56bfc062723c751e8b465ee728b)  -> (artifact id: 'd74a253249b535f706408e49ce6c9b42') in 0.030604 seconds 
  Import took 0.036181 seconds .

========================================================================
Received Import Request.
  Time since last request: 179.797480 seconds.
  path: Assets/Scenes
  artifactKey: Guid(8cd1a8baafc52a945b9142c6ee90a843) Importer(815301076,1909f56bfc062723c751e8b465ee728b)
Start importing Assets/Scenes using Guid(8cd1a8baafc52a945b9142c6ee90a843) Importer(815301076,1909f56bfc062723c751e8b465ee728b)  -> (artifact id: 'ad815c123c0de0890ecce4c94ee78e22') in 0.007242 seconds 
  Import took 0.011251 seconds .

